0 info it worked if it ends with ok
1 verbose cli [ '/Users/stevenwatkins/.nvm/versions/node/v5.11.1/bin/node',
1 verbose cli   '/Users/stevenwatkins/.nvm/versions/node/v5.11.1/bin/npm',
1 verbose cli   'start' ]
2 info using npm@3.8.6
3 info using node@v5.11.1
4 verbose run-script [ 'prestart', 'start', 'poststart' ]
5 info lifecycle react-stock-app@0.0.1~prestart: react-stock-app@0.0.1
6 verbose lifecycle react-stock-app@0.0.1~prestart: unsafe-perm in lifecycle true
7 verbose lifecycle react-stock-app@0.0.1~prestart: PATH: /Users/stevenwatkins/.nvm/versions/node/v5.11.1/lib/node_modules/npm/bin/node-gyp-bin:/Users/stevenwatkins/Dropbox/javascript_projects/react/react-stock-app/node_modules/.bin:/Users/stevenwatkins/.nvm/versions/node/v5.11.1/bin:/Users/stevenwatkins/.gem/ruby/2.0.0/bin:/Users/stevenwatkins/.rubies/ruby-2.0.0-p598/lib/ruby/gems/2.0.0/bin:/Users/stevenwatkins/.rubies/ruby-2.0.0-p598/bin:/Users/stevenwatkins/.nvm/versions/node/v5.11.1/bin:/usr/local/share/npm/bin:/usr/local/heroku/bin:/Applications/Postgres.app/Contents/Versions/9.3/bin:/usr/bin:/bin:/usr/sbin:/sbin:/usr/local/bin
8 verbose lifecycle react-stock-app@0.0.1~prestart: CWD: /Users/stevenwatkins/Dropbox/javascript_projects/react/react-stock-app
9 silly lifecycle react-stock-app@0.0.1~prestart: Args: [ '-c', 'babel-node tools/startMessage.js' ]
10 silly lifecycle react-stock-app@0.0.1~prestart: Returned: code: 0  signal: null
11 info lifecycle react-stock-app@0.0.1~start: react-stock-app@0.0.1
12 verbose lifecycle react-stock-app@0.0.1~start: unsafe-perm in lifecycle true
13 verbose lifecycle react-stock-app@0.0.1~start: PATH: /Users/stevenwatkins/.nvm/versions/node/v5.11.1/lib/node_modules/npm/bin/node-gyp-bin:/Users/stevenwatkins/Dropbox/javascript_projects/react/react-stock-app/node_modules/.bin:/Users/stevenwatkins/.nvm/versions/node/v5.11.1/bin:/Users/stevenwatkins/.gem/ruby/2.0.0/bin:/Users/stevenwatkins/.rubies/ruby-2.0.0-p598/lib/ruby/gems/2.0.0/bin:/Users/stevenwatkins/.rubies/ruby-2.0.0-p598/bin:/Users/stevenwatkins/.nvm/versions/node/v5.11.1/bin:/usr/local/share/npm/bin:/usr/local/heroku/bin:/Applications/Postgres.app/Contents/Versions/9.3/bin:/usr/bin:/bin:/usr/sbin:/sbin:/usr/local/bin
14 verbose lifecycle react-stock-app@0.0.1~start: CWD: /Users/stevenwatkins/Dropbox/javascript_projects/react/react-stock-app
15 silly lifecycle react-stock-app@0.0.1~start: Args: [ '-c',
15 silly lifecycle   'npm-run-all --parallel open:src lint:watch test:watch' ]
16 silly lifecycle react-stock-app@0.0.1~start: Returned: code: 1  signal: null
17 info lifecycle react-stock-app@0.0.1~start: Failed to exec start script
18 verbose stack Error: react-stock-app@0.0.1 start: `npm-run-all --parallel open:src lint:watch test:watch`
18 verbose stack Exit status 1
18 verbose stack     at EventEmitter.<anonymous> (/Users/stevenwatkins/.nvm/versions/node/v5.11.1/lib/node_modules/npm/lib/utils/lifecycle.js:239:16)
18 verbose stack     at emitTwo (events.js:100:13)
18 verbose stack     at EventEmitter.emit (events.js:185:7)
18 verbose stack     at ChildProcess.<anonymous> (/Users/stevenwatkins/.nvm/versions/node/v5.11.1/lib/node_modules/npm/lib/utils/spawn.js:24:14)
18 verbose stack     at emitTwo (events.js:100:13)
18 verbose stack     at ChildProcess.emit (events.js:185:7)
18 verbose stack     at maybeClose (internal/child_process.js:850:16)
18 verbose stack     at Process.ChildProcess._handle.onexit (internal/child_process.js:215:5)
19 verbose pkgid react-stock-app@0.0.1
20 verbose cwd /Users/stevenwatkins/Dropbox/javascript_projects/react/react-stock-app
21 error Darwin 15.4.0
22 error argv "/Users/stevenwatkins/.nvm/versions/node/v5.11.1/bin/node" "/Users/stevenwatkins/.nvm/versions/node/v5.11.1/bin/npm" "start"
23 error node v5.11.1
24 error npm  v3.8.6
25 error code ELIFECYCLE
26 error react-stock-app@0.0.1 start: `npm-run-all --parallel open:src lint:watch test:watch`
26 error Exit status 1
27 error Failed at the react-stock-app@0.0.1 start script 'npm-run-all --parallel open:src lint:watch test:watch'.
27 error Make sure you have the latest version of node.js and npm installed.
27 error If you do, this is most likely a problem with the react-stock-app package,
27 error not with npm itself.
27 error Tell the author that this fails on your system:
27 error     npm-run-all --parallel open:src lint:watch test:watch
27 error You can get information on how to open an issue for this project with:
27 error     npm bugs react-stock-app
27 error Or if that isn't available, you can get their info via:
27 error     npm owner ls react-stock-app
27 error There is likely additional logging output above.
28 verbose exit [ 1, true ]
